{"contracts/SimpleCounter.sol":{"l":{"23":4,"24":3,"31":9,"32":9,"39":5,"40":5,"47":3,"48":2,"49":2,"57":3,"58":3,"59":3,"66":8,"74":2,"75":2,"76":2,"84":1,"85":1,"86":1,"87":1,"94":0,"95":0,"96":0,"104":0,"105":0},"path":"/data/2026/encrypto/project5Fullstack (another copy)/blockchain/contracts/SimpleCounter.sol","s":{"1":4,"2":5,"3":3,"4":2,"5":3,"6":3,"7":8,"8":2,"9":2,"10":1,"11":1,"12":1,"13":0,"14":0,"15":0},"b":{"1":[3,1],"2":[2,1],"3":[3,1],"4":[2,0],"5":[1,0],"6":[1,0],"7":[0,0],"8":[0,0],"9":[0,0]},"f":{"1":4,"2":9,"3":5,"4":3,"5":3,"6":8,"7":2,"8":1,"9":0,"10":0},"fnMap":{"1":{"name":"onlyOwner","line":22,"loc":{"start":{"line":22,"column":4},"end":{"line":25,"column":4}}},"2":{"name":"constructor","line":30,"loc":{"start":{"line":30,"column":4},"end":{"line":33,"column":4}}},"3":{"name":"increment","line":38,"loc":{"start":{"line":38,"column":4},"end":{"line":41,"column":4}}},"4":{"name":"decrement","line":46,"loc":{"start":{"line":46,"column":4},"end":{"line":50,"column":4}}},"5":{"name":"setValue","line":56,"loc":{"start":{"line":56,"column":4},"end":{"line":60,"column":4}}},"6":{"name":"getValue","line":65,"loc":{"start":{"line":65,"column":4},"end":{"line":67,"column":4}}},"7":{"name":"incrementBy","line":73,"loc":{"start":{"line":73,"column":4},"end":{"line":77,"column":4}}},"8":{"name":"decrementBy","line":83,"loc":{"start":{"line":83,"column":4},"end":{"line":88,"column":4}}},"9":{"name":"reset","line":93,"loc":{"start":{"line":93,"column":4},"end":{"line":97,"column":4}}},"10":{"name":"transferOwnership","line":103,"loc":{"start":{"line":103,"column":4},"end":{"line":106,"column":4}}}},"statementMap":{"1":{"start":{"line":23,"column":8},"end":{"line":23,"column":87}},"2":{"start":{"line":40,"column":8},"end":{"line":40,"column":52}},"3":{"start":{"line":47,"column":8},"end":{"line":47,"column":71}},"4":{"start":{"line":49,"column":8},"end":{"line":49,"column":52}},"5":{"start":{"line":57,"column":8},"end":{"line":57,"column":34}},"6":{"start":{"line":59,"column":8},"end":{"line":59,"column":53}},"7":{"start":{"line":66,"column":8},"end":{"line":66,"column":22}},"8":{"start":{"line":74,"column":8},"end":{"line":74,"column":74}},"9":{"start":{"line":76,"column":8},"end":{"line":76,"column":52}},"10":{"start":{"line":84,"column":8},"end":{"line":84,"column":74}},"11":{"start":{"line":85,"column":8},"end":{"line":85,"column":77}},"12":{"start":{"line":87,"column":8},"end":{"line":87,"column":52}},"13":{"start":{"line":94,"column":8},"end":{"line":94,"column":34}},"14":{"start":{"line":96,"column":8},"end":{"line":96,"column":46}},"15":{"start":{"line":104,"column":8},"end":{"line":104,"column":98}}},"branchMap":{"1":{"line":23,"type":"if","locations":[{"start":{"line":23,"column":8},"end":{"line":23,"column":8}},{"start":{"line":23,"column":8},"end":{"line":23,"column":8}}]},"2":{"line":47,"type":"if","locations":[{"start":{"line":47,"column":8},"end":{"line":47,"column":8}},{"start":{"line":47,"column":8},"end":{"line":47,"column":8}}]},"3":{"line":56,"type":"if","locations":[{"start":{"line":56,"column":49},"end":{"line":56,"column":49}},{"start":{"line":56,"column":49},"end":{"line":56,"column":49}}]},"4":{"line":74,"type":"if","locations":[{"start":{"line":74,"column":8},"end":{"line":74,"column":8}},{"start":{"line":74,"column":8},"end":{"line":74,"column":8}}]},"5":{"line":84,"type":"if","locations":[{"start":{"line":84,"column":8},"end":{"line":84,"column":8}},{"start":{"line":84,"column":8},"end":{"line":84,"column":8}}]},"6":{"line":85,"type":"if","locations":[{"start":{"line":85,"column":8},"end":{"line":85,"column":8}},{"start":{"line":85,"column":8},"end":{"line":85,"column":8}}]},"7":{"line":93,"type":"if","locations":[{"start":{"line":93,"column":30},"end":{"line":93,"column":30}},{"start":{"line":93,"column":30},"end":{"line":93,"column":30}}]},"8":{"line":103,"type":"if","locations":[{"start":{"line":103,"column":58},"end":{"line":103,"column":58}},{"start":{"line":103,"column":58},"end":{"line":103,"column":58}}]},"9":{"line":104,"type":"if","locations":[{"start":{"line":104,"column":8},"end":{"line":104,"column":8}},{"start":{"line":104,"column":8},"end":{"line":104,"column":8}}]}}},"contracts/SimpleToken.sol":{"l":{"33":57,"34":53,"41":60,"50":49,"51":48,"53":47,"54":47,"56":47,"57":47,"66":15,"67":14,"69":10,"70":10,"72":10,"73":10,"82":13,"84":12,"85":12,"86":12,"96":10,"97":9,"98":8,"99":7,"101":4,"102":4,"103":4,"105":4,"106":4,"114":9,"116":7,"117":7,"119":7,"120":7,"121":7,"129":2,"137":4,"138":3},"path":"/data/2026/encrypto/project5Fullstack (another copy)/blockchain/contracts/SimpleToken.sol","s":{"1":57,"2":49,"3":48,"4":47,"5":47,"6":15,"7":14,"8":10,"9":10,"10":13,"11":12,"12":12,"13":10,"14":9,"15":8,"16":7,"17":4,"18":4,"19":9,"20":7,"21":7,"22":7,"23":2,"24":4},"b":{"1":[53,4],"2":[49,3],"3":[48,1],"4":[47,1],"5":[14,1],"6":[10,4],"7":[12,1],"8":[9,1],"9":[8,1],"10":[7,1],"11":[4,3],"12":[7,2],"13":[4,1],"14":[3,1]},"f":{"1":57,"2":60,"3":49,"4":15,"5":13,"6":10,"7":9,"8":2,"9":4},"fnMap":{"1":{"name":"onlyOwner","line":32,"loc":{"start":{"line":32,"column":4},"end":{"line":35,"column":4}}},"2":{"name":"constructor","line":40,"loc":{"start":{"line":40,"column":4},"end":{"line":42,"column":4}}},"3":{"name":"mint","line":49,"loc":{"start":{"line":49,"column":4},"end":{"line":58,"column":4}}},"4":{"name":"transfer","line":65,"loc":{"start":{"line":65,"column":4},"end":{"line":74,"column":4}}},"5":{"name":"approve","line":81,"loc":{"start":{"line":81,"column":4},"end":{"line":87,"column":4}}},"6":{"name":"transferFrom","line":95,"loc":{"start":{"line":95,"column":4},"end":{"line":107,"column":4}}},"7":{"name":"burn","line":113,"loc":{"start":{"line":113,"column":4},"end":{"line":122,"column":4}}},"8":{"name":"getBalance","line":128,"loc":{"start":{"line":128,"column":4},"end":{"line":130,"column":4}}},"9":{"name":"transferOwnership","line":136,"loc":{"start":{"line":136,"column":4},"end":{"line":139,"column":4}}}},"statementMap":{"1":{"start":{"line":33,"column":8},"end":{"line":33,"column":85}},"2":{"start":{"line":50,"column":8},"end":{"line":50,"column":76}},"3":{"start":{"line":51,"column":8},"end":{"line":51,"column":72}},"4":{"start":{"line":56,"column":8},"end":{"line":56,"column":45}},"5":{"start":{"line":57,"column":8},"end":{"line":57,"column":29}},"6":{"start":{"line":66,"column":8},"end":{"line":66,"column":80}},"7":{"start":{"line":67,"column":8},"end":{"line":67,"column":84}},"8":{"start":{"line":72,"column":8},"end":{"line":72,"column":45}},"9":{"start":{"line":73,"column":8},"end":{"line":73,"column":19}},"10":{"start":{"line":82,"column":8},"end":{"line":82,"column":81}},"11":{"start":{"line":85,"column":8},"end":{"line":85,"column":50}},"12":{"start":{"line":86,"column":8},"end":{"line":86,"column":19}},"13":{"start":{"line":96,"column":8},"end":{"line":96,"column":84}},"14":{"start":{"line":97,"column":8},"end":{"line":97,"column":80}},"15":{"start":{"line":98,"column":8},"end":{"line":98,"column":78}},"16":{"start":{"line":99,"column":8},"end":{"line":99,"column":92}},"17":{"start":{"line":105,"column":8},"end":{"line":105,"column":39}},"18":{"start":{"line":106,"column":8},"end":{"line":106,"column":19}},"19":{"start":{"line":114,"column":8},"end":{"line":114,"column":84}},"20":{"start":{"line":119,"column":8},"end":{"line":119,"column":53}},"21":{"start":{"line":120,"column":8},"end":{"line":120,"column":37}},"22":{"start":{"line":121,"column":8},"end":{"line":121,"column":19}},"23":{"start":{"line":129,"column":8},"end":{"line":129,"column":33}},"24":{"start":{"line":137,"column":8},"end":{"line":137,"column":96}}},"branchMap":{"1":{"line":33,"type":"if","locations":[{"start":{"line":33,"column":8},"end":{"line":33,"column":8}},{"start":{"line":33,"column":8},"end":{"line":33,"column":8}}]},"2":{"line":49,"type":"if","locations":[{"start":{"line":49,"column":55},"end":{"line":49,"column":55}},{"start":{"line":49,"column":55},"end":{"line":49,"column":55}}]},"3":{"line":50,"type":"if","locations":[{"start":{"line":50,"column":8},"end":{"line":50,"column":8}},{"start":{"line":50,"column":8},"end":{"line":50,"column":8}}]},"4":{"line":51,"type":"if","locations":[{"start":{"line":51,"column":8},"end":{"line":51,"column":8}},{"start":{"line":51,"column":8},"end":{"line":51,"column":8}}]},"5":{"line":66,"type":"if","locations":[{"start":{"line":66,"column":8},"end":{"line":66,"column":8}},{"start":{"line":66,"column":8},"end":{"line":66,"column":8}}]},"6":{"line":67,"type":"if","locations":[{"start":{"line":67,"column":8},"end":{"line":67,"column":8}},{"start":{"line":67,"column":8},"end":{"line":67,"column":8}}]},"7":{"line":82,"type":"if","locations":[{"start":{"line":82,"column":8},"end":{"line":82,"column":8}},{"start":{"line":82,"column":8},"end":{"line":82,"column":8}}]},"8":{"line":96,"type":"if","locations":[{"start":{"line":96,"column":8},"end":{"line":96,"column":8}},{"start":{"line":96,"column":8},"end":{"line":96,"column":8}}]},"9":{"line":97,"type":"if","locations":[{"start":{"line":97,"column":8},"end":{"line":97,"column":8}},{"start":{"line":97,"column":8},"end":{"line":97,"column":8}}]},"10":{"line":98,"type":"if","locations":[{"start":{"line":98,"column":8},"end":{"line":98,"column":8}},{"start":{"line":98,"column":8},"end":{"line":98,"column":8}}]},"11":{"line":99,"type":"if","locations":[{"start":{"line":99,"column":8},"end":{"line":99,"column":8}},{"start":{"line":99,"column":8},"end":{"line":99,"column":8}}]},"12":{"line":114,"type":"if","locations":[{"start":{"line":114,"column":8},"end":{"line":114,"column":8}},{"start":{"line":114,"column":8},"end":{"line":114,"column":8}}]},"13":{"line":136,"type":"if","locations":[{"start":{"line":136,"column":58},"end":{"line":136,"column":58}},{"start":{"line":136,"column":58},"end":{"line":136,"column":58}}]},"14":{"line":137,"type":"if","locations":[{"start":{"line":137,"column":8},"end":{"line":137,"column":8}},{"start":{"line":137,"column":8},"end":{"line":137,"column":8}}]}}}}