TN:
SF:/data/2026/encrypto/project5Fullstack (another copy)/blockchain/contracts/SimpleCounter.sol
FN:22,onlyOwner
FN:30,constructor
FN:38,increment
FN:46,decrement
FN:56,setValue
FN:65,getValue
FN:73,incrementBy
FN:83,decrementBy
FN:93,reset
FN:103,transferOwnership
FNF:10
FNH:8
FNDA:4,onlyOwner
FNDA:9,constructor
FNDA:5,increment
FNDA:3,decrement
FNDA:3,setValue
FNDA:8,getValue
FNDA:2,incrementBy
FNDA:1,decrementBy
FNDA:0,reset
FNDA:0,transferOwnership
DA:23,4
DA:24,3
DA:31,9
DA:32,9
DA:39,5
DA:40,5
DA:47,3
DA:48,2
DA:49,2
DA:57,3
DA:58,3
DA:59,3
DA:66,8
DA:74,2
DA:75,2
DA:76,2
DA:84,1
DA:85,1
DA:86,1
DA:87,1
DA:94,0
DA:95,0
DA:96,0
DA:104,0
DA:105,0
LF:25
LH:20
BRDA:23,1,0,3
BRDA:23,1,1,1
BRDA:47,2,0,2
BRDA:47,2,1,1
BRDA:56,3,0,3
BRDA:56,3,1,1
BRDA:74,4,0,2
BRDA:74,4,1,0
BRDA:84,5,0,1
BRDA:84,5,1,0
BRDA:85,6,0,1
BRDA:85,6,1,0
BRDA:93,7,0,0
BRDA:93,7,1,0
BRDA:103,8,0,0
BRDA:103,8,1,0
BRDA:104,9,0,0
BRDA:104,9,1,0
BRF:18
BRH:9
end_of_record
TN:
SF:/data/2026/encrypto/project5Fullstack (another copy)/blockchain/contracts/SimpleToken.sol
FN:32,onlyOwner
FN:40,constructor
FN:49,mint
FN:65,transfer
FN:81,approve
FN:95,transferFrom
FN:113,burn
FN:128,getBalance
FN:136,transferOwnership
FNF:9
FNH:9
FNDA:57,onlyOwner
FNDA:60,constructor
FNDA:49,mint
FNDA:15,transfer
FNDA:13,approve
FNDA:10,transferFrom
FNDA:9,burn
FNDA:2,getBalance
FNDA:4,transferOwnership
DA:33,57
DA:34,53
DA:41,60
DA:50,49
DA:51,48
DA:53,47
DA:54,47
DA:56,47
DA:57,47
DA:66,15
DA:67,14
DA:69,10
DA:70,10
DA:72,10
DA:73,10
DA:82,13
DA:84,12
DA:85,12
DA:86,12
DA:96,10
DA:97,9
DA:98,8
DA:99,7
DA:101,4
DA:102,4
DA:103,4
DA:105,4
DA:106,4
DA:114,9
DA:116,7
DA:117,7
DA:119,7
DA:120,7
DA:121,7
DA:129,2
DA:137,4
DA:138,3
LF:37
LH:37
BRDA:33,1,0,53
BRDA:33,1,1,4
BRDA:49,2,0,49
BRDA:49,2,1,3
BRDA:50,3,0,48
BRDA:50,3,1,1
BRDA:51,4,0,47
BRDA:51,4,1,1
BRDA:66,5,0,14
BRDA:66,5,1,1
BRDA:67,6,0,10
BRDA:67,6,1,4
BRDA:82,7,0,12
BRDA:82,7,1,1
BRDA:96,8,0,9
BRDA:96,8,1,1
BRDA:97,9,0,8
BRDA:97,9,1,1
BRDA:98,10,0,7
BRDA:98,10,1,1
BRDA:99,11,0,4
BRDA:99,11,1,3
BRDA:114,12,0,7
BRDA:114,12,1,2
BRDA:136,13,0,4
BRDA:136,13,1,1
BRDA:137,14,0,3
BRDA:137,14,1,1
BRF:28
BRH:28
end_of_record
